<?xml version="1.0" encoding="UTF-8"?>
<testng-results skipped="0" failed="1" total="1" passed="0">
  <reporter-output>
    <line>
      <![CDATA[[TestResult name=TC001_checkHomePage status=FAILURE method=BranchTests.TC001_checkHomePage()[pri:0, instance:com.gurukula.e2eTests.BranchTests@61832929] output={null}]<br/><a href='F:\workworkwork\gurukulaSelin\target\surefire-reports\screenShots\gurukula_TC001_checkHomePage_22-12-2016_00-28'> <img src='F:\workworkwork\gurukulaSelin\target\surefire-reports\screenShots\gurukula_TC001_checkHomePage_22-12-2016_00-28' height='100' width='100'/> </a>]]>
    </line>
    <line>
      <![CDATA[[TestResult name=TC001_checkHomePage status=FAILURE method=BranchTests.TC001_checkHomePage()[pri:0, instance:com.gurukula.e2eTests.BranchTests@61832929] output={null}]<br/><a href='F:\workworkwork\gurukulaSelin\target\surefire-reports\screenShots\gurukula_TC001_checkHomePage_22-12-2016_00-28'> <img src='F:\workworkwork\gurukulaSelin\target\surefire-reports\screenShots\gurukula_TC001_checkHomePage_22-12-2016_00-28' height='100' width='100'/> </a>]]>
    </line>
  </reporter-output>
  <suite name="Default suite" duration-ms="7898" started-at="2016-12-21T22:34:24Z" finished-at="2016-12-21T22:34:32Z">
    <groups>
    </groups>
    <test name="Default test" duration-ms="7898" started-at="2016-12-21T22:34:24Z" finished-at="2016-12-21T22:34:32Z">
      <class name="com.gurukula.e2eTests.BranchTests">
        <test-method status="PASS" signature="setEnv(java.lang.String)[pri:0, instance:com.gurukula.e2eTests.BranchTests@61832929]" name="setEnv" is-config="true" duration-ms="15" started-at="2016-12-22T00:34:24Z" finished-at="2016-12-22T00:34:24Z">
          <params>
            <param index="0">
              <value>
                <![CDATA[http://127.0.0.1:8080/]]>
              </value>
            </param>
          </params>
          <reporter-output>
          </reporter-output>
        </test-method> <!-- setEnv -->
        <test-method status="PASS" signature="setUp()[pri:0, instance:com.gurukula.e2eTests.BranchTests@61832929]" name="setUp" is-config="true" duration-ms="2351" started-at="2016-12-22T00:34:24Z" finished-at="2016-12-22T00:34:26Z">
          <reporter-output>
          </reporter-output>
        </test-method> <!-- setUp -->
        <test-method status="FAIL" signature="TC001_checkHomePage()[pri:0, instance:com.gurukula.e2eTests.BranchTests@61832929]" name="TC001_checkHomePage" duration-ms="1898" started-at="2016-12-22T00:34:26Z" finished-at="2016-12-22T00:34:28Z">
          <exception class="org.openqa.selenium.support.ui.UnexpectedTagNameException">
            <message>
              <![CDATA[Element should have been "select" but was "a"
Build info: version: '2.53.1', revision: 'a36b8b1cd5757287168e54b817830adce9b0158d', time: '2016-06-30 19:26:09'
System info: host: 'MD1FBVXC', ip: '192.168.0.13', os.name: 'Windows 7', os.arch: 'amd64', os.version: '6.1', java.version: '1.8.0_111'
Driver info: driver.version: unknown]]>
            </message>
            <full-stacktrace>
              <![CDATA[org.openqa.selenium.support.ui.UnexpectedTagNameException: Element should have been "select" but was "a"
Build info: version: '2.53.1', revision: 'a36b8b1cd5757287168e54b817830adce9b0158d', time: '2016-06-30 19:26:09'
System info: host: 'MD1FBVXC', ip: '192.168.0.13', os.name: 'Windows 7', os.arch: 'amd64', os.version: '6.1', java.version: '1.8.0_111'
Driver info: driver.version: unknown
	at org.openqa.selenium.support.ui.Select.<init>(Select.java:47)
	at com.gurukula.pages.HomePage.clickBranches(HomePage.java:116)
	at com.gurukula.e2eTests.BranchTests.TC001_checkHomePage(BranchTests.java:17)
	at sun.reflect.NativeMethodAccessorImpl.invoke0(Native Method)
	at sun.reflect.NativeMethodAccessorImpl.invoke(Unknown Source)
	at sun.reflect.DelegatingMethodAccessorImpl.invoke(Unknown Source)
	at java.lang.reflect.Method.invoke(Unknown Source)
	at org.testng.internal.MethodInvocationHelper.invokeMethod(MethodInvocationHelper.java:80)
	at org.testng.internal.Invoker.invokeMethod(Invoker.java:714)
	at org.testng.internal.Invoker.invokeTestMethod(Invoker.java:901)
	at org.testng.internal.Invoker.invokeTestMethods(Invoker.java:1231)
	at org.testng.internal.TestMethodWorker.invokeTestMethods(TestMethodWorker.java:127)
	at org.testng.internal.TestMethodWorker.run(TestMethodWorker.java:111)
	at org.testng.TestRunner.privateRun(TestRunner.java:767)
	at org.testng.TestRunner.run(TestRunner.java:617)
	at org.testng.SuiteRunner.runTest(SuiteRunner.java:334)
	at org.testng.SuiteRunner.runSequentially(SuiteRunner.java:329)
	at org.testng.SuiteRunner.privateRun(SuiteRunner.java:291)
	at org.testng.SuiteRunner.run(SuiteRunner.java:240)
	at org.testng.SuiteRunnerWorker.runSuite(SuiteRunnerWorker.java:52)
	at org.testng.SuiteRunnerWorker.run(SuiteRunnerWorker.java:86)
	at org.testng.TestNG.runSuitesSequentially(TestNG.java:1198)
	at org.testng.TestNG.runSuitesLocally(TestNG.java:1123)
	at org.testng.TestNG.run(TestNG.java:1031)
	at org.testng.remote.AbstractRemoteTestNG.run(AbstractRemoteTestNG.java:132)
	at org.testng.remote.RemoteTestNG.initAndRun(RemoteTestNG.java:236)
	at org.testng.remote.RemoteTestNG.main(RemoteTestNG.java:81)
]]>
            </full-stacktrace>
          </exception> <!-- org.openqa.selenium.support.ui.UnexpectedTagNameException -->
          <reporter-output>
          </reporter-output>
        </test-method> <!-- TC001_checkHomePage -->
        <test-method status="PASS" signature="closeBrowser(org.testng.ITestResult)[pri:0, instance:com.gurukula.e2eTests.BranchTests@61832929]" name="closeBrowser" is-config="true" duration-ms="3618" started-at="2016-12-22T00:34:28Z" finished-at="2016-12-22T00:34:32Z">
          <params>
            <param index="0">
              <value>
                <![CDATA[[TestResult name=TC001_checkHomePage status=FAILURE method=BranchTests.TC001_checkHomePage()[pri:0, instance:com.gurukula.e2eTests.BranchTests@61832929] output={null}]]]>
              </value>
            </param>
          </params>
          <reporter-output>
            <line>
              <![CDATA[[TestResult name=TC001_checkHomePage status=FAILURE method=BranchTests.TC001_checkHomePage()[pri:0, instance:com.gurukula.e2eTests.BranchTests@61832929] output={null}]<br/><a href='F:\workworkwork\gurukulaSelin\target\surefire-reports\screenShots\gurukula_TC001_checkHomePage_22-12-2016_00-28'> <img src='F:\workworkwork\gurukulaSelin\target\surefire-reports\screenShots\gurukula_TC001_checkHomePage_22-12-2016_00-28' height='100' width='100'/> </a>]]>
            </line>
            <line>
              <![CDATA[[TestResult name=TC001_checkHomePage status=FAILURE method=BranchTests.TC001_checkHomePage()[pri:0, instance:com.gurukula.e2eTests.BranchTests@61832929] output={null}]<br/><a href='F:\workworkwork\gurukulaSelin\target\surefire-reports\screenShots\gurukula_TC001_checkHomePage_22-12-2016_00-28'> <img src='F:\workworkwork\gurukulaSelin\target\surefire-reports\screenShots\gurukula_TC001_checkHomePage_22-12-2016_00-28' height='100' width='100'/> </a>]]>
            </line>
          </reporter-output>
        </test-method> <!-- closeBrowser -->
      </class> <!-- com.gurukula.e2eTests.BranchTests -->
    </test> <!-- Default test -->
  </suite> <!-- Default suite -->
</testng-results>
